2024-06-22 22:06:909 INFO  HomePage :29 - Clicking on login link : [[ChromeDriver: chrome on windows (d67ca0f7390d00d3fc373d1d96d5ea82)] -> link text: Log in]
2024-06-22 22:06:950 INFO  LoginPage :36 - Getting text from : [[ChromeDriver: chrome on windows (d67ca0f7390d00d3fc373d1d96d5ea82)] -> xpath: //h1[contains(text(),'Welcome, Please Sign In!')]]
2024-06-22 22:06:484 INFO  HomePage :29 - Clicking on login link : [[ChromeDriver: chrome on windows (cf5e8b88256c3d84f6cb1201d675779e)] -> link text: Log in]
2024-06-22 22:06:520 INFO  LoginPage :36 - Getting text from : [[ChromeDriver: chrome on windows (cf5e8b88256c3d84f6cb1201d675779e)] -> xpath: //h1[contains(text(),'Welcome, Please Sign In!')]]
2024-06-22 22:06:219 INFO  HomePage :29 - Clicking on login link : [[ChromeDriver: chrome on windows (8a675280eda73a0ce19888d31344f721)] -> link text: Log in]
2024-06-22 22:06:261 INFO  LoginPage :36 - Getting text from : [[ChromeDriver: chrome on windows (8a675280eda73a0ce19888d31344f721)] -> xpath: //h1[contains(text(),'Welcome, Please Sign In!')]]
2024-06-22 22:06:191 INFO  HomePage :29 - Clicking on login link : [[ChromeDriver: chrome on windows (41d3d0790ea9494ba62d5d3dab81b3e4)] -> link text: Log in]
2024-06-22 22:06:98 INFO  HomePage :29 - Clicking on login link : [[ChromeDriver: chrome on windows (ab3ab226e10c5796cfa66308b4f03bf2)] -> link text: Log in]
2024-06-22 22:06:153 INFO  LoginPage :36 - Getting text from : [[ChromeDriver: chrome on windows (ab3ab226e10c5796cfa66308b4f03bf2)] -> xpath: //h1[contains(text(),'Welcome, Please Sign In!')]]
2024-06-22 22:06:646 INFO  HomePage :29 - Clicking on login link : [[ChromeDriver: chrome on windows (1967a033a06cf956ab61d9011c741e0a)] -> link text: Log in]
2024-06-22 22:06:679 INFO  LoginPage :36 - Getting text from : [[ChromeDriver: chrome on windows (1967a033a06cf956ab61d9011c741e0a)] -> xpath: //h1[contains(text(),'Welcome, Please Sign In!')]]
2024-06-22 22:06:116 INFO  HomePage :29 - Clicking on login link : [[ChromeDriver: chrome on windows (d391636846174ad7acf1040c488ecbe5)] -> link text: Log in]
2024-06-22 22:06:641 INFO  HomePage :29 - Clicking on login link : [[ChromeDriver: chrome on windows (a95955f8ad1a33cbc645e15aa454471b)] -> link text: Log in]
2024-06-22 22:06:938 INFO  HomePage :29 - Clicking on login link : [[ChromeDriver: chrome on windows (daa475ff59d7697372194d55ec4f87e8)] -> link text: Log in]
2024-06-22 22:06:589 INFO  HomePage :29 - Clicking on login link : [[ChromeDriver: chrome on windows (f9cff46a257dd89eccaffcee50025d5b)] -> link text: Log in]
2024-06-22 22:06:637 INFO  LoginPage :36 - Getting text from : [[ChromeDriver: chrome on windows (f9cff46a257dd89eccaffcee50025d5b)] -> xpath: //h1[contains(text(),'Welcome, Please Sign In!')]]
2024-06-22 22:06:239 INFO  HomePage :29 - Clicking on login link : [[ChromeDriver: chrome on windows (296c2f0207d647f8c153434712e00664)] -> link text: Log in]
2024-06-22 22:06:392 INFO  HomePage :29 - Clicking on login link : [[ChromeDriver: chrome on windows (d5ceef13b97cb60c60b4cba851df680b)] -> link text: Log in]
2024-06-22 22:06:446 INFO  LoginPage :36 - Getting text from : [[ChromeDriver: chrome on windows (d5ceef13b97cb60c60b4cba851df680b)] -> xpath: //h1[contains(text(),'Welcome, Please Sign In!')]]
2024-06-22 22:06:869 INFO  HomePage :29 - Clicking on login link : [[ChromeDriver: chrome on windows (6b3454935a348d0a8211a800b1ef2f73)] -> link text: Log in]
2024-06-23 18:06:907 INFO  HomePage :39 - Click on computer tab[[ChromeDriver: chrome on windows (dd3ccf59d45b76f6a4964ebdb41e218e)] -> link text: Computers]
2024-06-23 18:06:961 INFO  ComputerPage :23 - Get computer text[[ChromeDriver: chrome on windows (dd3ccf59d45b76f6a4964ebdb41e218e)] -> css selector: div[class='page-title'] h1]
2024-06-23 18:06:753 INFO  HomePage :39 - Click on computer tab[[ChromeDriver: chrome on windows (40f3ef78231e076a55a877aa70df1431)] -> link text: Computers]
2024-06-23 18:06:190 INFO  ComputerPage :29 - click on desktops link[[ChromeDriver: chrome on windows (40f3ef78231e076a55a877aa70df1431)] -> xpath: //li[@class='inactive']//a[normalize-space()='Desktops']]
2024-06-23 18:06:215 INFO  DesktopsPage :30 - Get desktops text[[ChromeDriver: chrome on windows (40f3ef78231e076a55a877aa70df1431)] -> css selector: div[class='page-title'] h1]
2024-06-23 18:06:694 INFO  HomePage :39 - Click on computer tab[[ChromeDriver: chrome on windows (9c5ed939e2fec0236836e5b53d5ca846)] -> link text: Computers]
2024-06-23 18:06:111 INFO  DesktopsPage :26 - click on desktop link[[ChromeDriver: chrome on windows (9c5ed939e2fec0236836e5b53d5ca846)] -> xpath: //*[@id="main"]/div/div[2]/div[1]/div[2]/ul/li[1]/ul/li[1]/a]
2024-06-23 18:06:548 INFO  DesktopsPage :36 - click on build your own computer product[[ChromeDriver: chrome on windows (9c5ed939e2fec0236836e5b53d5ca846)] -> link text: Build your own computer]
2024-06-23 18:06:656 INFO  BuildYourOwnComputerPage :61 - Select value '2.2 GHz Intel Pentium Dual-Core E2200' from processor dropdown
2024-06-23 18:06:738 INFO  BuildYourOwnComputerPage :67 - Select value '2 GB' from ram dropdown[[ChromeDriver: chrome on windows (9c5ed939e2fec0236836e5b53d5ca846)] -> id: product_attribute_2]
2024-06-23 18:06:815 INFO  BuildYourOwnComputerPage :84 - Select value '320 GB' from HDD radio[[[ChromeDriver: chrome on windows (9c5ed939e2fec0236836e5b53d5ca846)] -> xpath: //ul[@data-attr='3']//li/label], [[ChromeDriver: chrome on windows (9c5ed939e2fec0236836e5b53d5ca846)] -> xpath: //ul[@data-attr='3']//li/label]]
2024-06-23 18:06:880 INFO  BuildYourOwnComputerPage :101 - Select value 'Vista Home [+$50.00]' from OS radio[[[ChromeDriver: chrome on windows (9c5ed939e2fec0236836e5b53d5ca846)] -> xpath: //ul[@data-attr='4']//li/label], [[ChromeDriver: chrome on windows (9c5ed939e2fec0236836e5b53d5ca846)] -> xpath: //ul[@data-attr='4']//li/label]]
2024-06-23 18:06:968 INFO  BuildYourOwnComputerPage :137 - Select value 'Microsoft Office [+$50.00]' from Software checkbox[[[ChromeDriver: chrome on windows (9c5ed939e2fec0236836e5b53d5ca846)] -> xpath: //ul[@data-attr='5']//li/label], [[ChromeDriver: chrome on windows (9c5ed939e2fec0236836e5b53d5ca846)] -> xpath: //ul[@data-attr='5']//li/label], [[ChromeDriver: chrome on windows (9c5ed939e2fec0236836e5b53d5ca846)] -> xpath: //ul[@data-attr='5']//li/label]]
2024-06-23 18:06:20 INFO  BuildYourOwnComputerPage :48 - Click on add to cart button
2024-06-23 18:06:240 INFO  BuildYourOwnComputerPage :54 - Get notification message
2024-06-23 18:06:770 INFO  HomePage :39 - Click on computer tab[[ChromeDriver: chrome on windows (5bd90763177ab8114952b8caad274d22)] -> link text: Computers]
2024-06-23 18:06:200 INFO  DesktopsPage :26 - click on desktop link[[ChromeDriver: chrome on windows (5bd90763177ab8114952b8caad274d22)] -> xpath: //*[@id="main"]/div/div[2]/div[1]/div[2]/ul/li[1]/ul/li[1]/a]
2024-06-23 18:06:637 INFO  DesktopsPage :36 - click on build your own computer product[[ChromeDriver: chrome on windows (5bd90763177ab8114952b8caad274d22)] -> link text: Build your own computer]
2024-06-23 18:06:707 INFO  BuildYourOwnComputerPage :61 - Select value '2.5 GHz Intel Pentium Dual-Core E2200 [+$15.00]' from processor dropdown
2024-06-23 18:06:794 INFO  BuildYourOwnComputerPage :67 - Select value '4GB [+$20.00]' from ram dropdown[[ChromeDriver: chrome on windows (5bd90763177ab8114952b8caad274d22)] -> id: product_attribute_2]
2024-06-23 18:06:869 INFO  BuildYourOwnComputerPage :84 - Select value '400 GB [+$100.00]' from HDD radio[[[ChromeDriver: chrome on windows (5bd90763177ab8114952b8caad274d22)] -> xpath: //ul[@data-attr='3']//li/label], [[ChromeDriver: chrome on windows (5bd90763177ab8114952b8caad274d22)] -> xpath: //ul[@data-attr='3']//li/label]]
2024-06-23 18:06:929 INFO  BuildYourOwnComputerPage :101 - Select value 'Vista Premium [+$60.00]' from OS radio[[[ChromeDriver: chrome on windows (5bd90763177ab8114952b8caad274d22)] -> xpath: //ul[@data-attr='4']//li/label], [[ChromeDriver: chrome on windows (5bd90763177ab8114952b8caad274d22)] -> xpath: //ul[@data-attr='4']//li/label]]
2024-06-23 18:06:23 INFO  BuildYourOwnComputerPage :137 - Select value 'Acrobat Reader [+$10.00]' from Software checkbox[[[ChromeDriver: chrome on windows (5bd90763177ab8114952b8caad274d22)] -> xpath: //ul[@data-attr='5']//li/label], [[ChromeDriver: chrome on windows (5bd90763177ab8114952b8caad274d22)] -> xpath: //ul[@data-attr='5']//li/label], [[ChromeDriver: chrome on windows (5bd90763177ab8114952b8caad274d22)] -> xpath: //ul[@data-attr='5']//li/label]]
2024-06-23 18:06:75 INFO  BuildYourOwnComputerPage :48 - Click on add to cart button
2024-06-23 18:06:352 INFO  BuildYourOwnComputerPage :54 - Get notification message
2024-06-23 18:06:471 INFO  HomePage :39 - Click on computer tab[[ChromeDriver: chrome on windows (8d133d69d20a58a7e15bae10ddc57271)] -> link text: Computers]
2024-06-23 18:06:887 INFO  DesktopsPage :26 - click on desktop link[[ChromeDriver: chrome on windows (8d133d69d20a58a7e15bae10ddc57271)] -> xpath: //*[@id="main"]/div/div[2]/div[1]/div[2]/ul/li[1]/ul/li[1]/a]
2024-06-23 18:06:394 INFO  DesktopsPage :36 - click on build your own computer product[[ChromeDriver: chrome on windows (8d133d69d20a58a7e15bae10ddc57271)] -> link text: Build your own computer]
2024-06-23 18:06:476 INFO  BuildYourOwnComputerPage :61 - Select value '2.5 GHz Intel Pentium Dual-Core E2200 [+$15.00]' from processor dropdown
2024-06-23 18:06:579 INFO  BuildYourOwnComputerPage :67 - Select value '8GB [+$60.00]' from ram dropdown[[ChromeDriver: chrome on windows (8d133d69d20a58a7e15bae10ddc57271)] -> id: product_attribute_2]
2024-06-23 18:06:653 INFO  BuildYourOwnComputerPage :84 - Select value '320 GB' from HDD radio[[[ChromeDriver: chrome on windows (8d133d69d20a58a7e15bae10ddc57271)] -> xpath: //ul[@data-attr='3']//li/label], [[ChromeDriver: chrome on windows (8d133d69d20a58a7e15bae10ddc57271)] -> xpath: //ul[@data-attr='3']//li/label]]
2024-06-23 18:06:681 INFO  BuildYourOwnComputerPage :101 - Select value 'VistaHome [+$50.00]' from OS radio[[[ChromeDriver: chrome on windows (8d133d69d20a58a7e15bae10ddc57271)] -> xpath: //ul[@data-attr='4']//li/label], [[ChromeDriver: chrome on windows (8d133d69d20a58a7e15bae10ddc57271)] -> xpath: //ul[@data-attr='4']//li/label]]
2024-06-23 18:06:784 INFO  BuildYourOwnComputerPage :137 - Select value 'Total Commander [+$5.00]' from Software checkbox[[[ChromeDriver: chrome on windows (8d133d69d20a58a7e15bae10ddc57271)] -> xpath: //ul[@data-attr='5']//li/label], [[ChromeDriver: chrome on windows (8d133d69d20a58a7e15bae10ddc57271)] -> xpath: //ul[@data-attr='5']//li/label], [[ChromeDriver: chrome on windows (8d133d69d20a58a7e15bae10ddc57271)] -> xpath: //ul[@data-attr='5']//li/label]]
2024-06-23 18:06:836 INFO  BuildYourOwnComputerPage :48 - Click on add to cart button
2024-06-23 18:06:106 INFO  BuildYourOwnComputerPage :54 - Get notification message
2024-06-23 18:06:708 INFO  HomePage :50 - Clicking on login link : [[ChromeDriver: chrome on windows (2e913f2942a4bf42c51ac3035ef85763)] -> link text: Log in]
2024-06-23 18:06:741 INFO  LoginPage :45 - Getting text from : [[ChromeDriver: chrome on windows (2e913f2942a4bf42c51ac3035ef85763)] -> xpath: //h1[contains(text(),'Welcome, Please Sign In!')]]
2024-06-23 18:06:259 INFO  HomePage :50 - Clicking on login link : [[ChromeDriver: chrome on windows (dcbe5d7558490303d6b6e995ccd51773)] -> link text: Log in]
2024-06-23 18:06:403 INFO  LoginPage :51 - Enter emailabcd@gmail.comto email field[[ChromeDriver: chrome on windows (dcbe5d7558490303d6b6e995ccd51773)] -> id: Email]
2024-06-23 18:06:490 INFO  LoginPage :56 - Enter email xyz123 to email field[[ChromeDriver: chrome on windows (dcbe5d7558490303d6b6e995ccd51773)] -> name: Password]
2024-06-23 18:06:817 INFO  LoginPage :61 - Click on login button[[ChromeDriver: chrome on windows (dcbe5d7558490303d6b6e995ccd51773)] -> xpath: //button[contains(text(),'Log in')]]
2024-06-23 18:06:870 INFO  LoginPage :66 - Get error messageLogin was unsuccessful. Please correct the errors and try again.
No customer account found
2024-06-23 18:06:544 INFO  HomePage :50 - Clicking on login link : [[ChromeDriver: chrome on windows (bf82b1e7887945ab599f1f241884c193)] -> link text: Log in]
2024-06-23 18:06:715 INFO  LoginPage :51 - Enter emailprime1041@gmail.comto email field[[ChromeDriver: chrome on windows (bf82b1e7887945ab599f1f241884c193)] -> id: Email]
2024-06-23 18:06:828 INFO  LoginPage :56 - Enter email Prime1414 to email field[[ChromeDriver: chrome on windows (bf82b1e7887945ab599f1f241884c193)] -> name: Password]
2024-06-23 18:06:153 INFO  LoginPage :61 - Click on login button[[ChromeDriver: chrome on windows (bf82b1e7887945ab599f1f241884c193)] -> xpath: //button[contains(text(),'Log in')]]
2024-06-23 18:06:450 INFO  HomePage :50 - Clicking on login link : [[ChromeDriver: chrome on windows (d12044e3feb03aa98e1707c86c95e5ea)] -> link text: Log in]
2024-06-23 18:06:626 INFO  LoginPage :51 - Enter emailprime1041@gmail.comto email field[[ChromeDriver: chrome on windows (d12044e3feb03aa98e1707c86c95e5ea)] -> id: Email]
2024-06-23 18:06:750 INFO  LoginPage :56 - Enter email Prime1414 to email field[[ChromeDriver: chrome on windows (d12044e3feb03aa98e1707c86c95e5ea)] -> name: Password]
2024-06-23 18:06:101 INFO  LoginPage :61 - Click on login button[[ChromeDriver: chrome on windows (d12044e3feb03aa98e1707c86c95e5ea)] -> xpath: //button[contains(text(),'Log in')]]
2024-06-23 18:06:382 INFO  HomePage :59 - Clicking on register link : [[ChromeDriver: chrome on windows (ffbea2d7fe7fe7c1fe4f4bfa2fe4be04)] -> link text: Register]
2024-06-23 18:06:401 INFO  RegisterPage :86 - Get register text[[ChromeDriver: chrome on windows (ffbea2d7fe7fe7c1fe4f4bfa2fe4be04)] -> xpath: //h1[contains(text(),'Register')]]
2024-06-23 18:06:09 INFO  HomePage :59 - Clicking on register link : [[ChromeDriver: chrome on windows (739b18d53bc28e9fc5b0d7da5f1892d9)] -> link text: Register]
2024-06-23 18:06:107 INFO  RegisterPage :92 - Click on register button[[ChromeDriver: chrome on windows (739b18d53bc28e9fc5b0d7da5f1892d9)] -> id: register-button]
2024-06-23 18:06:120 INFO  RegisterPage :96 - Get firstname field error message[[ChromeDriver: chrome on windows (739b18d53bc28e9fc5b0d7da5f1892d9)] -> id: FirstName-error]
2024-06-23 18:06:146 INFO  RegisterPage :101 - Get lastname field error message[[ChromeDriver: chrome on windows (739b18d53bc28e9fc5b0d7da5f1892d9)] -> id: LastName-error]
2024-06-23 18:06:167 INFO  RegisterPage :106 - Get email field error message[[ChromeDriver: chrome on windows (739b18d53bc28e9fc5b0d7da5f1892d9)] -> id: Email-error]
2024-06-23 18:06:188 INFO  RegisterPage :111 - Get password field error message[[ChromeDriver: chrome on windows (739b18d53bc28e9fc5b0d7da5f1892d9)] -> id: ConfirmPassword-error]
2024-06-23 18:06:214 INFO  HomePage :59 - Clicking on register link : [[ChromeDriver: chrome on windows (b31a4b111f4f65dce2b8fe053acd601b)] -> link text: Register]
2024-06-23 18:06:349 INFO  HomePage :39 - Click on computer tab[[ChromeDriver: chrome on windows (f189e00e695568c235e78c1b6914b252)] -> link text: Computers]
2024-06-23 18:06:395 INFO  ComputerPage :23 - Get computer text[[ChromeDriver: chrome on windows (f189e00e695568c235e78c1b6914b252)] -> css selector: div[class='page-title'] h1]
2024-06-23 18:06:28 INFO  HomePage :39 - Click on computer tab[[ChromeDriver: chrome on windows (70227895d6b543f965445b1356e031ac)] -> link text: Computers]
2024-06-23 18:06:446 INFO  ComputerPage :29 - click on desktops link[[ChromeDriver: chrome on windows (70227895d6b543f965445b1356e031ac)] -> xpath: //li[@class='inactive']//a[normalize-space()='Desktops']]
2024-06-23 18:06:464 INFO  DesktopsPage :30 - Get desktops text[[ChromeDriver: chrome on windows (70227895d6b543f965445b1356e031ac)] -> css selector: div[class='page-title'] h1]
2024-06-23 18:06:944 INFO  HomePage :39 - Click on computer tab[[ChromeDriver: chrome on windows (698e669ea9fdbcf571db7a8e310addcc)] -> link text: Computers]
2024-06-23 18:06:376 INFO  DesktopsPage :26 - click on desktop link[[ChromeDriver: chrome on windows (698e669ea9fdbcf571db7a8e310addcc)] -> xpath: //*[@id="main"]/div/div[2]/div[1]/div[2]/ul/li[1]/ul/li[1]/a]
2024-06-23 18:06:851 INFO  DesktopsPage :36 - click on build your own computer product[[ChromeDriver: chrome on windows (698e669ea9fdbcf571db7a8e310addcc)] -> link text: Build your own computer]
2024-06-23 18:06:990 INFO  BuildYourOwnComputerPage :61 - Select value '2.2 GHz Intel Pentium Dual-Core E2200' from processor dropdown
2024-06-23 18:06:92 INFO  BuildYourOwnComputerPage :67 - Select value '2 GB' from ram dropdown[[ChromeDriver: chrome on windows (698e669ea9fdbcf571db7a8e310addcc)] -> id: product_attribute_2]
2024-06-23 18:06:164 INFO  BuildYourOwnComputerPage :84 - Select value '320 GB' from HDD radio[[[ChromeDriver: chrome on windows (698e669ea9fdbcf571db7a8e310addcc)] -> xpath: //ul[@data-attr='3']//li/label], [[ChromeDriver: chrome on windows (698e669ea9fdbcf571db7a8e310addcc)] -> xpath: //ul[@data-attr='3']//li/label]]
2024-06-23 18:06:232 INFO  BuildYourOwnComputerPage :101 - Select value 'Vista Home [+$50.00]' from OS radio[[[ChromeDriver: chrome on windows (698e669ea9fdbcf571db7a8e310addcc)] -> xpath: //ul[@data-attr='4']//li/label], [[ChromeDriver: chrome on windows (698e669ea9fdbcf571db7a8e310addcc)] -> xpath: //ul[@data-attr='4']//li/label]]
2024-06-23 18:06:325 INFO  BuildYourOwnComputerPage :137 - Select value 'Microsoft Office [+$50.00]' from Software checkbox[[[ChromeDriver: chrome on windows (698e669ea9fdbcf571db7a8e310addcc)] -> xpath: //ul[@data-attr='5']//li/label], [[ChromeDriver: chrome on windows (698e669ea9fdbcf571db7a8e310addcc)] -> xpath: //ul[@data-attr='5']//li/label], [[ChromeDriver: chrome on windows (698e669ea9fdbcf571db7a8e310addcc)] -> xpath: //ul[@data-attr='5']//li/label]]
2024-06-23 18:06:374 INFO  BuildYourOwnComputerPage :48 - Click on add to cart button
2024-06-23 18:06:647 INFO  BuildYourOwnComputerPage :54 - Get notification message
2024-06-23 18:06:251 INFO  HomePage :39 - Click on computer tab[[ChromeDriver: chrome on windows (860cba28ec326e942d6fcd09f9bb4187)] -> link text: Computers]
2024-06-23 18:06:676 INFO  DesktopsPage :26 - click on desktop link[[ChromeDriver: chrome on windows (860cba28ec326e942d6fcd09f9bb4187)] -> xpath: //*[@id="main"]/div/div[2]/div[1]/div[2]/ul/li[1]/ul/li[1]/a]
2024-06-23 18:06:117 INFO  DesktopsPage :36 - click on build your own computer product[[ChromeDriver: chrome on windows (860cba28ec326e942d6fcd09f9bb4187)] -> link text: Build your own computer]
2024-06-23 18:06:190 INFO  BuildYourOwnComputerPage :61 - Select value '2.5 GHz Intel Pentium Dual-Core E2200 [+$15.00]' from processor dropdown
2024-06-23 18:06:275 INFO  BuildYourOwnComputerPage :67 - Select value '4GB [+$20.00]' from ram dropdown[[ChromeDriver: chrome on windows (860cba28ec326e942d6fcd09f9bb4187)] -> id: product_attribute_2]
2024-06-23 18:06:341 INFO  BuildYourOwnComputerPage :84 - Select value '400 GB [+$100.00]' from HDD radio[[[ChromeDriver: chrome on windows (860cba28ec326e942d6fcd09f9bb4187)] -> xpath: //ul[@data-attr='3']//li/label], [[ChromeDriver: chrome on windows (860cba28ec326e942d6fcd09f9bb4187)] -> xpath: //ul[@data-attr='3']//li/label]]
2024-06-23 18:06:406 INFO  BuildYourOwnComputerPage :101 - Select value 'Vista Premium [+$60.00]' from OS radio[[[ChromeDriver: chrome on windows (860cba28ec326e942d6fcd09f9bb4187)] -> xpath: //ul[@data-attr='4']//li/label], [[ChromeDriver: chrome on windows (860cba28ec326e942d6fcd09f9bb4187)] -> xpath: //ul[@data-attr='4']//li/label]]
2024-06-23 18:06:496 INFO  BuildYourOwnComputerPage :137 - Select value 'Acrobat Reader [+$10.00]' from Software checkbox[[[ChromeDriver: chrome on windows (860cba28ec326e942d6fcd09f9bb4187)] -> xpath: //ul[@data-attr='5']//li/label], [[ChromeDriver: chrome on windows (860cba28ec326e942d6fcd09f9bb4187)] -> xpath: //ul[@data-attr='5']//li/label], [[ChromeDriver: chrome on windows (860cba28ec326e942d6fcd09f9bb4187)] -> xpath: //ul[@data-attr='5']//li/label]]
2024-06-23 18:06:546 INFO  BuildYourOwnComputerPage :48 - Click on add to cart button
2024-06-23 18:06:837 INFO  BuildYourOwnComputerPage :54 - Get notification message
2024-06-23 18:06:385 INFO  HomePage :39 - Click on computer tab[[ChromeDriver: chrome on windows (8040733e622e4a1f348332695fa92d86)] -> link text: Computers]
2024-06-23 18:06:789 INFO  DesktopsPage :26 - click on desktop link[[ChromeDriver: chrome on windows (8040733e622e4a1f348332695fa92d86)] -> xpath: //*[@id="main"]/div/div[2]/div[1]/div[2]/ul/li[1]/ul/li[1]/a]
2024-06-23 18:06:221 INFO  DesktopsPage :36 - click on build your own computer product[[ChromeDriver: chrome on windows (8040733e622e4a1f348332695fa92d86)] -> link text: Build your own computer]
2024-06-23 18:06:297 INFO  BuildYourOwnComputerPage :61 - Select value '2.5 GHz Intel Pentium Dual-Core E2200 [+$15.00]' from processor dropdown
2024-06-23 18:06:399 INFO  BuildYourOwnComputerPage :67 - Select value '8GB [+$60.00]' from ram dropdown[[ChromeDriver: chrome on windows (8040733e622e4a1f348332695fa92d86)] -> id: product_attribute_2]
2024-06-23 18:06:476 INFO  BuildYourOwnComputerPage :84 - Select value '320 GB' from HDD radio[[[ChromeDriver: chrome on windows (8040733e622e4a1f348332695fa92d86)] -> xpath: //ul[@data-attr='3']//li/label], [[ChromeDriver: chrome on windows (8040733e622e4a1f348332695fa92d86)] -> xpath: //ul[@data-attr='3']//li/label]]
2024-06-23 18:06:506 INFO  BuildYourOwnComputerPage :101 - Select value 'VistaHome [+$50.00]' from OS radio[[[ChromeDriver: chrome on windows (8040733e622e4a1f348332695fa92d86)] -> xpath: //ul[@data-attr='4']//li/label], [[ChromeDriver: chrome on windows (8040733e622e4a1f348332695fa92d86)] -> xpath: //ul[@data-attr='4']//li/label]]
2024-06-23 18:06:612 INFO  BuildYourOwnComputerPage :137 - Select value 'Total Commander [+$5.00]' from Software checkbox[[[ChromeDriver: chrome on windows (8040733e622e4a1f348332695fa92d86)] -> xpath: //ul[@data-attr='5']//li/label], [[ChromeDriver: chrome on windows (8040733e622e4a1f348332695fa92d86)] -> xpath: //ul[@data-attr='5']//li/label], [[ChromeDriver: chrome on windows (8040733e622e4a1f348332695fa92d86)] -> xpath: //ul[@data-attr='5']//li/label]]
2024-06-23 18:06:666 INFO  BuildYourOwnComputerPage :48 - Click on add to cart button
2024-06-23 18:06:932 INFO  BuildYourOwnComputerPage :54 - Get notification message
2024-06-23 18:06:619 INFO  HomePage :50 - Clicking on login link : [[ChromeDriver: chrome on windows (66c5e4c4fef3baeba200837309b97e20)] -> link text: Log in]
2024-06-23 18:06:659 INFO  LoginPage :45 - Getting text from : [[ChromeDriver: chrome on windows (66c5e4c4fef3baeba200837309b97e20)] -> xpath: //h1[contains(text(),'Welcome, Please Sign In!')]]
2024-06-23 18:06:476 INFO  HomePage :50 - Clicking on login link : [[ChromeDriver: chrome on windows (4bcfacc48065c52a579417a5ebd1fd07)] -> link text: Log in]
2024-06-23 18:06:590 INFO  LoginPage :51 - Enter emailabcd@gmail.comto email field[[ChromeDriver: chrome on windows (4bcfacc48065c52a579417a5ebd1fd07)] -> id: Email]
2024-06-23 18:06:676 INFO  LoginPage :56 - Enter email xyz123 to email field[[ChromeDriver: chrome on windows (4bcfacc48065c52a579417a5ebd1fd07)] -> name: Password]
2024-06-23 18:06:06 INFO  LoginPage :61 - Click on login button[[ChromeDriver: chrome on windows (4bcfacc48065c52a579417a5ebd1fd07)] -> xpath: //button[contains(text(),'Log in')]]
2024-06-23 18:06:54 INFO  LoginPage :66 - Get error messageLogin was unsuccessful. Please correct the errors and try again.
No customer account found
2024-06-23 18:06:234 INFO  HomePage :50 - Clicking on login link : [[ChromeDriver: chrome on windows (9fea34d0ae814c35c204292e4c7c809d)] -> link text: Log in]
2024-06-23 18:06:372 INFO  LoginPage :51 - Enter emailprime1041@gmail.comto email field[[ChromeDriver: chrome on windows (9fea34d0ae814c35c204292e4c7c809d)] -> id: Email]
2024-06-23 18:06:469 INFO  LoginPage :56 - Enter email Prime1414 to email field[[ChromeDriver: chrome on windows (9fea34d0ae814c35c204292e4c7c809d)] -> name: Password]
2024-06-23 18:06:769 INFO  LoginPage :61 - Click on login button[[ChromeDriver: chrome on windows (9fea34d0ae814c35c204292e4c7c809d)] -> xpath: //button[contains(text(),'Log in')]]
2024-06-23 18:06:316 INFO  HomePage :50 - Clicking on login link : [[ChromeDriver: chrome on windows (c3b4903ff9ee1b7882b4ee5220b8b68e)] -> link text: Log in]
2024-06-23 18:06:492 INFO  LoginPage :51 - Enter emailprime1041@gmail.comto email field[[ChromeDriver: chrome on windows (c3b4903ff9ee1b7882b4ee5220b8b68e)] -> id: Email]
2024-06-23 18:06:600 INFO  LoginPage :56 - Enter email Prime1414 to email field[[ChromeDriver: chrome on windows (c3b4903ff9ee1b7882b4ee5220b8b68e)] -> name: Password]
2024-06-23 18:06:908 INFO  LoginPage :61 - Click on login button[[ChromeDriver: chrome on windows (c3b4903ff9ee1b7882b4ee5220b8b68e)] -> xpath: //button[contains(text(),'Log in')]]
2024-06-23 18:06:109 INFO  HomePage :59 - Clicking on register link : [[ChromeDriver: chrome on windows (8a94c59df8ead7d6fbdd8a0264905ac4)] -> link text: Register]
2024-06-23 18:06:131 INFO  RegisterPage :86 - Get register text[[ChromeDriver: chrome on windows (8a94c59df8ead7d6fbdd8a0264905ac4)] -> xpath: //h1[contains(text(),'Register')]]
2024-06-23 18:06:638 INFO  HomePage :59 - Clicking on register link : [[ChromeDriver: chrome on windows (1cba6afb32bfa0409b25feadc1d29107)] -> link text: Register]
2024-06-23 18:06:725 INFO  RegisterPage :92 - Click on register button[[ChromeDriver: chrome on windows (1cba6afb32bfa0409b25feadc1d29107)] -> id: register-button]
2024-06-23 18:06:740 INFO  RegisterPage :96 - Get firstname field error message[[ChromeDriver: chrome on windows (1cba6afb32bfa0409b25feadc1d29107)] -> id: FirstName-error]
2024-06-23 18:06:771 INFO  RegisterPage :101 - Get lastname field error message[[ChromeDriver: chrome on windows (1cba6afb32bfa0409b25feadc1d29107)] -> id: LastName-error]
2024-06-23 18:06:802 INFO  RegisterPage :106 - Get email field error message[[ChromeDriver: chrome on windows (1cba6afb32bfa0409b25feadc1d29107)] -> id: Email-error]
2024-06-23 18:06:830 INFO  RegisterPage :111 - Get password field error message[[ChromeDriver: chrome on windows (1cba6afb32bfa0409b25feadc1d29107)] -> id: ConfirmPassword-error]
2024-06-23 18:06:819 INFO  HomePage :59 - Clicking on register link : [[ChromeDriver: chrome on windows (92e342fb86793e4f5231fcb20ff215b5)] -> link text: Register]
